# JRE version: OpenJDK Runtime Environment (17.0.14+7) (build 17.0.14+7-Ubuntu-124.04)
# Java VM: OpenJDK 64-Bit Server VM (17.0.14+7-Ubuntu-124.04, mixed mode, sharing, tiered, compressed oops, compressed class ptrs, g1 gc, linux-amd64)
GC Precious Log:
 CPUs: 32 total, 16 available
 Memory: 31991M
 Large Page Support: Disabled
 NUMA Support: Disabled
 Compressed Oops: Enabled (Zero based)
 Heap Region Size: 4M
 Heap Min Capacity: 8M
 Heap Initial Capacity: 500M
 Heap Max Capacity: 8000M
 Pre-touch: Disabled
 Parallel Workers: 13
 Concurrent Workers: 3
 Concurrent Refinement Workers: 13
 Periodic GC: Disabled
Heap:
 garbage-first heap   total 450560K, used 106953K [0x000000060c000000, 0x0000000800000000)
  region size 4096K, 2 young (8192K), 1 survivors (4096K)
 Metaspace       used 65330K, committed 65856K, reserved 1114112K
  class space    used 8064K, committed 8320K, reserved 1048576K
GC Heap History (20 events):
Event: 0.598 GC heap before
{Heap before GC invocations=1 (full 0):
 garbage-first heap   total 520192K, used 34592K [0x000000060c000000, 0x0000000800000000)
  region size 4096K, 6 young (24576K), 1 survivors (4096K)
 Metaspace       used 7799K, committed 8000K, reserved 1114112K
  class space    used 970K, committed 1088K, reserved 1048576K
}
Event: 0.600 GC heap after
{Heap after GC invocations=2 (full 0):
 garbage-first heap   total 520192K, used 14651K [0x000000060c000000, 0x0000000800000000)
  region size 4096K, 1 young (4096K), 1 survivors (4096K)
 Metaspace       used 7799K, committed 8000K, reserved 1114112K
  class space    used 970K, committed 1088K, reserved 1048576K
}
Event: 1.236 GC heap before
{Heap before GC invocations=2 (full 0):
 garbage-first heap   total 520192K, used 96571K [0x000000060c000000, 0x0000000800000000)
  region size 4096K, 21 young (86016K), 1 survivors (4096K)
 Metaspace       used 14365K, committed 14592K, reserved 1114112K
  class space    used 1715K, committed 1792K, reserved 1048576K
}
Event: 1.243 GC heap after
{Heap after GC invocations=3 (full 0):
 garbage-first heap   total 520192K, used 26331K [0x000000060c000000, 0x0000000800000000)
  region size 4096K, 3 young (12288K), 3 survivors (12288K)
 Metaspace       used 14365K, committed 14592K, reserved 1114112K
  class space    used 1715K, committed 1792K, reserved 1048576K
}
Event: 1.847 GC heap before
{Heap before GC invocations=3 (full 0):
 garbage-first heap   total 520192K, used 177883K [0x000000060c000000, 0x0000000800000000)
  region size 4096K, 40 young (163840K), 3 survivors (12288K)
 Metaspace       used 15218K, committed 15488K, reserved 1114112K
  class space    used 1722K, committed 1792K, reserved 1048576K
}
Event: 1.868 GC heap after
{Heap after GC invocations=4 (full 0):
 garbage-first heap   total 520192K, used 52628K [0x000000060c000000, 0x0000000800000000)
  region size 4096K, 5 young (20480K), 5 survivors (20480K)
 Metaspace       used 15218K, committed 15488K, reserved 1114112K
  class space    used 1722K, committed 1792K, reserved 1048576K
}
Event: 2.263 GC heap before
{Heap before GC invocations=4 (full 0):
 garbage-first heap   total 520192K, used 146836K [0x000000060c000000, 0x0000000800000000)
  region size 4096K, 29 young (118784K), 5 survivors (20480K)
 Metaspace       used 16311K, committed 16576K, reserved 1114112K
  class space    used 1811K, committed 1920K, reserved 1048576K
}
Event: 2.273 GC heap after
{Heap after GC invocations=5 (full 0):
 garbage-first heap   total 520192K, used 71419K [0x000000060c000000, 0x0000000800000000)
  region size 4096K, 4 young (16384K), 4 survivors (16384K)
 Metaspace       used 16311K, committed 16576K, reserved 1114112K
  class space    used 1811K, committed 1920K, reserved 1048576K
}
Event: 2.923 GC heap before
{Heap before GC invocations=5 (full 0):
 garbage-first heap   total 520192K, used 292603K [0x000000060c000000, 0x0000000800000000)
  region size 4096K, 58 young (237568K), 4 survivors (16384K)
 Metaspace       used 17686K, committed 17984K, reserved 1114112K
  class space    used 1934K, committed 2048K, reserved 1048576K
}
Event: 2.946 GC heap after
{Heap after GC invocations=6 (full 0):
 garbage-first heap   total 520192K, used 113578K [0x000000060c000000, 0x0000000800000000)
  region size 4096K, 8 young (32768K), 8 survivors (32768K)
 Metaspace       used 17686K, committed 17984K, reserved 1114112K
  class space    used 1934K, committed 2048K, reserved 1048576K
}
Event: 3.321 GC heap before
{Heap before GC invocations=6 (full 0):
 garbage-first heap   total 520192K, used 183210K [0x000000060c000000, 0x0000000800000000)
  region size 4096K, 26 young (106496K), 8 survivors (32768K)
 Metaspace       used 21230K, committed 21504K, reserved 1114112K
  class space    used 2385K, committed 2496K, reserved 1048576K
}
Event: 3.335 GC heap after
{Heap after GC invocations=7 (full 0):
 garbage-first heap   total 630784K, used 135933K [0x000000060c000000, 0x0000000800000000)
  region size 4096K, 6 young (24576K), 6 survivors (24576K)
 Metaspace       used 21230K, committed 21504K, reserved 1114112K
  class space    used 2385K, committed 2496K, reserved 1048576K
}
Event: 4.027 GC heap before
{Heap before GC invocations=8 (full 0):
 garbage-first heap   total 520192K, used 303869K [0x000000060c000000, 0x0000000800000000)
  region size 4096K, 49 young (200704K), 6 survivors (24576K)
 Metaspace       used 37994K, committed 38400K, reserved 1114112K
  class space    used 4493K, committed 4672K, reserved 1048576K
}
Event: 4.040 GC heap after
{Heap after GC invocations=9 (full 0):
 garbage-first heap   total 520192K, used 151126K [0x000000060c000000, 0x0000000800000000)
  region size 4096K, 4 young (16384K), 4 survivors (16384K)
 Metaspace       used 37994K, committed 38400K, reserved 1114112K
  class space    used 4493K, committed 4672K, reserved 1048576K
}
Event: 15.193 GC heap before
{Heap before GC invocations=10 (full 0):
 garbage-first heap   total 450560K, used 314966K [0x000000060c000000, 0x0000000800000000)
  region size 4096K, 53 young (217088K), 4 survivors (16384K)
 Metaspace       used 57558K, committed 58048K, reserved 1114112K
  class space    used 7064K, committed 7296K, reserved 1048576K
}
Event: 15.207 GC heap after
{Heap after GC invocations=11 (full 0):
 garbage-first heap   total 450560K, used 125520K [0x000000060c000000, 0x0000000800000000)
  region size 4096K, 7 young (28672K), 7 survivors (28672K)
 Metaspace       used 57558K, committed 58048K, reserved 1114112K
  class space    used 7064K, committed 7296K, reserved 1048576K
}
Event: 15.245 GC heap before
{Heap before GC invocations=11 (full 0):
 garbage-first heap   total 450560K, used 129616K [0x000000060c000000, 0x0000000800000000)
  region size 4096K, 8 young (32768K), 7 survivors (28672K)
 Metaspace       used 58180K, committed 58752K, reserved 1114112K
  class space    used 7152K, committed 7424K, reserved 1048576K
}
Event: 15.257 GC heap after
{Heap after GC invocations=12 (full 0):
 garbage-first heap   total 450560K, used 108341K [0x000000060c000000, 0x0000000800000000)
  region size 4096K, 1 young (4096K), 1 survivors (4096K)
 Metaspace       used 58180K, committed 58752K, reserved 1114112K
  class space    used 7152K, committed 7424K, reserved 1048576K
}
Event: 15.623 GC heap before
{Heap before GC invocations=12 (full 0):
 garbage-first heap   total 450560K, used 132917K [0x000000060c000000, 0x0000000800000000)
  region size 4096K, 9 young (36864K), 1 survivors (4096K)
 Metaspace       used 64676K, committed 65216K, reserved 1114112K
  class space    used 7992K, committed 8256K, reserved 1048576K
}
Event: 15.626 GC heap after
{Heap after GC invocations=13 (full 0):
 garbage-first heap   total 450560K, used 106953K [0x000000060c000000, 0x0000000800000000)
  region size 4096K, 1 young (4096K), 1 survivors (4096K)
 Metaspace       used 64676K, committed 65216K, reserved 1114112K
  class space    used 7992K, committed 8256K, reserved 1048576K
}

