# JRE version: OpenJDK Runtime Environment (17.0.14+7) (build 17.0.14+7-Ubuntu-124.04)
# Java VM: OpenJDK 64-Bit Server VM (17.0.14+7-Ubuntu-124.04, mixed mode, sharing, tiered, compressed oops, compressed class ptrs, g1 gc, linux-amd64)
GC Precious Log:
 CPUs: 32 total, 16 available
 Memory: 31991M
 Large Page Support: Disabled
 NUMA Support: Disabled
 Compressed Oops: Enabled (Zero based)
 Heap Region Size: 4M
 Heap Min Capacity: 8M
 Heap Initial Capacity: 500M
 Heap Max Capacity: 8000M
 Pre-touch: Disabled
 Parallel Workers: 13
 Concurrent Workers: 3
 Concurrent Refinement Workers: 13
 Periodic GC: Disabled
Heap:
 garbage-first heap   total 491520K, used 160058K [0x000000060c000000, 0x0000000800000000)
  region size 4096K, 7 young (28672K), 4 survivors (16384K)
 Metaspace       used 37612K, committed 38016K, reserved 1114112K
  class space    used 4460K, committed 4672K, reserved 1048576K
GC Heap History (16 events):
Event: 0.286 GC heap before
{Heap before GC invocations=0 (full 0):
 garbage-first heap   total 520192K, used 24496K [0x000000060c000000, 0x0000000800000000)
  region size 4096K, 6 young (24576K), 0 survivors (0K)
 Metaspace       used 2842K, committed 2944K, reserved 1114112K
  class space    used 293K, committed 320K, reserved 1048576K
}
Event: 0.289 GC heap after
{Heap after GC invocations=1 (full 0):
 garbage-first heap   total 520192K, used 13250K [0x000000060c000000, 0x0000000800000000)
  region size 4096K, 1 young (4096K), 1 survivors (4096K)
 Metaspace       used 2842K, committed 2944K, reserved 1114112K
  class space    used 293K, committed 320K, reserved 1048576K
}
Event: 0.522 GC heap before
{Heap before GC invocations=1 (full 0):
 garbage-first heap   total 520192K, used 33730K [0x000000060c000000, 0x0000000800000000)
  region size 4096K, 6 young (24576K), 1 survivors (4096K)
 Metaspace       used 7746K, committed 8000K, reserved 1114112K
  class space    used 969K, committed 1088K, reserved 1048576K
}
Event: 0.524 GC heap after
{Heap after GC invocations=2 (full 0):
 garbage-first heap   total 520192K, used 14623K [0x000000060c000000, 0x0000000800000000)
  region size 4096K, 1 young (4096K), 1 survivors (4096K)
 Metaspace       used 7746K, committed 8000K, reserved 1114112K
  class space    used 969K, committed 1088K, reserved 1048576K
}
Event: 1.165 GC heap before
{Heap before GC invocations=2 (full 0):
 garbage-first heap   total 520192K, used 96543K [0x000000060c000000, 0x0000000800000000)
  region size 4096K, 21 young (86016K), 1 survivors (4096K)
 Metaspace       used 14342K, committed 14592K, reserved 1114112K
  class space    used 1715K, committed 1792K, reserved 1048576K
}
Event: 1.171 GC heap after
{Heap after GC invocations=3 (full 0):
 garbage-first heap   total 520192K, used 26283K [0x000000060c000000, 0x0000000800000000)
  region size 4096K, 3 young (12288K), 3 survivors (12288K)
 Metaspace       used 14342K, committed 14592K, reserved 1114112K
  class space    used 1715K, committed 1792K, reserved 1048576K
}
Event: 1.705 GC heap before
{Heap before GC invocations=3 (full 0):
 garbage-first heap   total 520192K, used 173739K [0x000000060c000000, 0x0000000800000000)
  region size 4096K, 39 young (159744K), 3 survivors (12288K)
 Metaspace       used 15185K, committed 15360K, reserved 1114112K
  class space    used 1722K, committed 1792K, reserved 1048576K
}
Event: 1.720 GC heap after
{Heap after GC invocations=4 (full 0):
 garbage-first heap   total 520192K, used 51408K [0x000000060c000000, 0x0000000800000000)
  region size 4096K, 5 young (20480K), 5 survivors (20480K)
 Metaspace       used 15185K, committed 15360K, reserved 1114112K
  class space    used 1722K, committed 1792K, reserved 1048576K
}
Event: 2.133 GC heap before
{Heap before GC invocations=4 (full 0):
 garbage-first heap   total 520192K, used 149712K [0x000000060c000000, 0x0000000800000000)
  region size 4096K, 30 young (122880K), 5 survivors (20480K)
 Metaspace       used 16291K, committed 16576K, reserved 1114112K
  class space    used 1811K, committed 1920K, reserved 1048576K
}
Event: 2.142 GC heap after
{Heap after GC invocations=5 (full 0):
 garbage-first heap   total 520192K, used 72383K [0x000000060c000000, 0x0000000800000000)
  region size 4096K, 4 young (16384K), 4 survivors (16384K)
 Metaspace       used 16291K, committed 16576K, reserved 1114112K
  class space    used 1811K, committed 1920K, reserved 1048576K
}
Event: 2.425 GC heap before
{Heap before GC invocations=5 (full 0):
 garbage-first heap   total 520192K, used 207551K [0x000000060c000000, 0x0000000800000000)
  region size 4096K, 37 young (151552K), 4 survivors (16384K)
 Metaspace       used 16396K, committed 16640K, reserved 1114112K
  class space    used 1811K, committed 1920K, reserved 1048576K
}
Event: 2.438 GC heap after
{Heap after GC invocations=6 (full 0):
 garbage-first heap   total 520192K, used 90947K [0x000000060c000000, 0x0000000800000000)
  region size 4096K, 5 young (20480K), 5 survivors (20480K)
 Metaspace       used 16396K, committed 16640K, reserved 1114112K
  class space    used 1811K, committed 1920K, reserved 1048576K
}
Event: 3.134 GC heap before
{Heap before GC invocations=6 (full 0):
 garbage-first heap   total 520192K, used 250691K [0x000000060c000000, 0x0000000800000000)
  region size 4096K, 45 young (184320K), 5 survivors (20480K)
 Metaspace       used 21282K, committed 21504K, reserved 1114112K
  class space    used 2393K, committed 2496K, reserved 1048576K
}
Event: 3.155 GC heap after
{Heap after GC invocations=7 (full 0):
 garbage-first heap   total 630784K, used 133115K [0x000000060c000000, 0x0000000800000000)
  region size 4096K, 7 young (28672K), 7 survivors (28672K)
 Metaspace       used 21282K, committed 21504K, reserved 1114112K
  class space    used 2393K, committed 2496K, reserved 1048576K
}
Event: 3.803 GC heap before
{Heap before GC invocations=8 (full 0):
 garbage-first heap   total 491520K, used 296955K [0x000000060c000000, 0x0000000800000000)
  region size 4096K, 48 young (196608K), 7 survivors (28672K)
 Metaspace       used 36832K, committed 37248K, reserved 1114112K
  class space    used 4369K, committed 4544K, reserved 1048576K
}
Event: 3.819 GC heap after
{Heap after GC invocations=9 (full 0):
 garbage-first heap   total 491520K, used 151866K [0x000000060c000000, 0x0000000800000000)
  region size 4096K, 4 young (16384K), 4 survivors (16384K)
 Metaspace       used 36832K, committed 37248K, reserved 1114112K
  class space    used 4369K, committed 4544K, reserved 1048576K
}

